<?xml version="1.0" encoding="UTF-8"?>
<!-- Generated by org.testng.reporters.JUnitReportReporter -->
<testsuite hostname="LAPTOP-PDC3260G" failures="0" tests="12" name="Testcases.AddToCartTestcaes" time="5.321" errors="0" timestamp="2024-12-13T01:16:36 IST" skipped="0">
  <testcase classname="Testcases.AddToCartTestcaes" name="ComponetsTABOpen" time="0.710"/>
  <testcase classname="Testcases.AddToCartTestcaes" name="Openitem" time="0.076"/>
  <testcase classname="Testcases.AddToCartTestcaes" name="checkthebox" time="0.958"/>
  <testcase classname="Testcases.AddToCartTestcaes" name="EntrText" time="0.198"/>
  <testcase classname="Testcases.AddToCartTestcaes" name="selectthecolor" time="0.155"/>
  <testcase classname="Testcases.AddToCartTestcaes" name="textAea" time="0.165"/>
  <testcase classname="Testcases.AddToCartTestcaes" name="UploadTheFile" time="2.330"/>
  <testcase classname="Testcases.AddToCartTestcaes" name="calenderupdate" time="0.247"/>
  <testcase classname="Testcases.AddToCartTestcaes" name="timeselect" time="0.164"/>
  <testcase classname="Testcases.AddToCartTestcaes" name="filldatetime" time="0.146"/>
  <testcase classname="Testcases.AddToCartTestcaes" name="selectQTY" time="0.089"/>
  <testcase classname="Testcases.AddToCartTestcaes" name="AddToProduct" time="0.083"/>
</testsuite> <!-- Testcases.AddToCartTestcaes -->
